Determining if the pthread_create exist failed with the following output:
Change Dir: /home/arpl/luca_ws/src/drone_teleoperation/build/CMakeFiles/CMakeTmp

Run Build Command:"/usr/bin/make" "cmTC_5b35a/fast"
/usr/bin/make -f CMakeFiles/cmTC_5b35a.dir/build.make CMakeFiles/cmTC_5b35a.dir/build
make[1]: Entering directory '/home/arpl/luca_ws/src/drone_teleoperation/build/CMakeFiles/CMakeTmp'
Building C object CMakeFiles/cmTC_5b35a.dir/CheckSymbolExists.c.o
/usr/bin/gcc    -o CMakeFiles/cmTC_5b35a.dir/CheckSymbolExists.c.o   -c /home/arpl/luca_ws/src/drone_teleoperation/build/CMakeFiles/CMakeTmp/CheckSymbolExists.c
Linking C executable cmTC_5b35a
/usr/bin/cmake -E cmake_link_script CMakeFiles/cmTC_5b35a.dir/link.txt --verbose=1
/usr/bin/gcc      -rdynamic CMakeFiles/cmTC_5b35a.dir/CheckSymbolExists.c.o  -o cmTC_5b35a 
CMakeFiles/cmTC_5b35a.dir/CheckSymbolExists.c.o: In function `main':
CheckSymbolExists.c:(.text+0x1b): undefined reference to `pthread_create'
collect2: error: ld returned 1 exit status
CMakeFiles/cmTC_5b35a.dir/build.make:97: recipe for target 'cmTC_5b35a' failed
make[1]: *** [cmTC_5b35a] Error 1
make[1]: Leaving directory '/home/arpl/luca_ws/src/drone_teleoperation/build/CMakeFiles/CMakeTmp'
Makefile:126: recipe for target 'cmTC_5b35a/fast' failed
make: *** [cmTC_5b35a/fast] Error 2

File /home/arpl/luca_ws/src/drone_teleoperation/build/CMakeFiles/CMakeTmp/CheckSymbolExists.c:
/* */
#include <pthread.h>

int main(int argc, char** argv)
{
  (void)argv;
#ifndef pthread_create
  return ((int*)(&pthread_create))[argc];
#else
  (void)argc;
  return 0;
#endif
}

Determining if the function pthread_create exists in the pthreads failed with the following output:
Change Dir: /home/arpl/luca_ws/src/drone_teleoperation/build/CMakeFiles/CMakeTmp

Run Build Command:"/usr/bin/make" "cmTC_53adb/fast"
/usr/bin/make -f CMakeFiles/cmTC_53adb.dir/build.make CMakeFiles/cmTC_53adb.dir/build
make[1]: Entering directory '/home/arpl/luca_ws/src/drone_teleoperation/build/CMakeFiles/CMakeTmp'
Building C object CMakeFiles/cmTC_53adb.dir/CheckFunctionExists.c.o
/usr/bin/gcc   -DCHECK_FUNCTION_EXISTS=pthread_create   -o CMakeFiles/cmTC_53adb.dir/CheckFunctionExists.c.o   -c /usr/share/cmake-3.10/Modules/CheckFunctionExists.c
Linking C executable cmTC_53adb
/usr/bin/cmake -E cmake_link_script CMakeFiles/cmTC_53adb.dir/link.txt --verbose=1
/usr/bin/gcc  -DCHECK_FUNCTION_EXISTS=pthread_create    -rdynamic CMakeFiles/cmTC_53adb.dir/CheckFunctionExists.c.o  -o cmTC_53adb -lpthreads 
/usr/bin/ld: cannot find -lpthreads
collect2: error: ld returned 1 exit status
CMakeFiles/cmTC_53adb.dir/build.make:97: recipe for target 'cmTC_53adb' failed
make[1]: *** [cmTC_53adb] Error 1
make[1]: Leaving directory '/home/arpl/luca_ws/src/drone_teleoperation/build/CMakeFiles/CMakeTmp'
Makefile:126: recipe for target 'cmTC_53adb/fast' failed
make: *** [cmTC_53adb/fast] Error 2


